2021-06-16 23:35:56.293 [main] INFO  ru.otus.Otus - Log4j2ExampleApp started.
2021-06-16 23:35:56.481 [main] DEBUG io.netty.util.internal.logging.InternalLoggerFactory - Using SLF4J as the default logging framework
2021-06-16 23:35:56.496 [main] DEBUG io.netty.util.ResourceLeakDetector - -Dio.netty.leakDetection.level: simple
2021-06-16 23:35:56.496 [main] DEBUG io.netty.util.ResourceLeakDetector - -Dio.netty.leakDetection.targetRecords: 4
2021-06-16 23:35:56.512 [main] DEBUG io.netty.util.ResourceLeakDetectorFactory - Loaded default ResourceLeakDetector: io.netty.util.ResourceLeakDetector@6973b51b
2021-06-16 23:35:56.575 [main] DEBUG io.netty.util.internal.PlatformDependent - Platform: Windows
2021-06-16 23:35:56.590 [main] DEBUG io.netty.util.internal.PlatformDependent0 - -Dio.netty.noUnsafe: false
2021-06-16 23:35:56.590 [main] DEBUG io.netty.util.internal.PlatformDependent0 - Java version: 8
2021-06-16 23:35:56.590 [main] DEBUG io.netty.util.internal.PlatformDependent0 - sun.misc.Unsafe.theUnsafe: available
2021-06-16 23:35:56.590 [main] DEBUG io.netty.util.internal.PlatformDependent0 - sun.misc.Unsafe.copyMemory: available
2021-06-16 23:35:56.590 [main] DEBUG io.netty.util.internal.PlatformDependent0 - java.nio.Buffer.address: available
2021-06-16 23:35:56.590 [main] DEBUG io.netty.util.internal.PlatformDependent0 - direct buffer constructor: available
2021-06-16 23:35:56.590 [main] DEBUG io.netty.util.internal.PlatformDependent0 - java.nio.Bits.unaligned: available, true
2021-06-16 23:35:56.590 [main] DEBUG io.netty.util.internal.PlatformDependent0 - jdk.internal.misc.Unsafe.allocateUninitializedArray(int): unavailable prior to Java9
2021-06-16 23:35:56.590 [main] DEBUG io.netty.util.internal.PlatformDependent0 - java.nio.DirectByteBuffer.<init>(long, int): available
2021-06-16 23:35:56.606 [main] DEBUG io.netty.util.internal.PlatformDependent - sun.misc.Unsafe: available
2021-06-16 23:35:56.606 [main] DEBUG io.netty.util.internal.PlatformDependent - -Dio.netty.tmpdir: C:\Users\Main\AppData\Local\Temp (java.io.tmpdir)
2021-06-16 23:35:56.606 [main] DEBUG io.netty.util.internal.PlatformDependent - -Dio.netty.bitMode: 64 (sun.arch.data.model)
2021-06-16 23:35:56.606 [main] DEBUG io.netty.util.internal.PlatformDependent - -Dio.netty.maxDirectMemory: 913833984 bytes
2021-06-16 23:35:56.606 [main] DEBUG io.netty.util.internal.PlatformDependent - -Dio.netty.uninitializedArrayAllocationThreshold: -1
2021-06-16 23:35:56.606 [main] DEBUG io.netty.util.internal.CleanerJava6 - java.nio.ByteBuffer.cleaner(): available
2021-06-16 23:35:56.606 [main] DEBUG io.netty.util.internal.PlatformDependent - -Dio.netty.noPreferDirect: false
2021-06-16 23:35:56.621 [main] DEBUG io.netty.util.internal.PlatformDependent - org.jctools-core.MpscChunkedArrayQueue: available
2021-06-16 23:35:56.668 [main] DEBUG io.netty.util.internal.InternalThreadLocalMap - -Dio.netty.threadLocalMap.stringBuilder.initialSize: 1024
2021-06-16 23:35:56.668 [main] DEBUG io.netty.util.internal.InternalThreadLocalMap - -Dio.netty.threadLocalMap.stringBuilder.maxSize: 4096
2021-06-16 23:35:57.990 [main] DEBUG io.netty.handler.ssl.JdkSslContext - Default protocols (JDK): [TLSv1.2, TLSv1.1, TLSv1] 
2021-06-16 23:35:58.006 [main] DEBUG io.netty.handler.ssl.JdkSslContext - Default cipher suites (JDK): [TLS_ECDHE_ECDSA_WITH_AES_256_GCM_SHA384, TLS_ECDHE_ECDSA_WITH_AES_128_GCM_SHA256, TLS_ECDHE_RSA_WITH_AES_128_GCM_SHA256, TLS_ECDHE_RSA_WITH_AES_256_GCM_SHA384, TLS_ECDHE_RSA_WITH_AES_128_CBC_SHA, TLS_ECDHE_RSA_WITH_AES_256_CBC_SHA, TLS_RSA_WITH_AES_128_GCM_SHA256, TLS_RSA_WITH_AES_128_CBC_SHA, TLS_RSA_WITH_AES_256_CBC_SHA, TLS_AES_128_GCM_SHA256, TLS_AES_256_GCM_SHA384]
2021-06-16 23:35:58.021 [main] DEBUG io.netty.channel.MultithreadEventLoopGroup - -Dio.netty.eventLoopThreads: 8
2021-06-16 23:35:58.040 [main] DEBUG io.netty.channel.nio.NioEventLoop - -Dio.netty.noKeySetOptimization: false
2021-06-16 23:35:58.040 [main] DEBUG io.netty.channel.nio.NioEventLoop - -Dio.netty.selectorAutoRebuildThreshold: 512
2021-06-16 23:35:58.056 [main] TRACE io.netty.channel.nio.NioEventLoop - instrumented a special java.util.Set into: sun.nio.ch.WindowsSelectorImpl@4a8355dd
2021-06-16 23:35:58.056 [main] TRACE io.netty.channel.nio.NioEventLoop - instrumented a special java.util.Set into: sun.nio.ch.WindowsSelectorImpl@312aa7c
2021-06-16 23:35:58.056 [main] TRACE io.netty.channel.nio.NioEventLoop - instrumented a special java.util.Set into: sun.nio.ch.WindowsSelectorImpl@536f2a7e
2021-06-16 23:35:58.056 [main] TRACE io.netty.channel.nio.NioEventLoop - instrumented a special java.util.Set into: sun.nio.ch.WindowsSelectorImpl@72bc6553
2021-06-16 23:35:58.056 [main] TRACE io.netty.channel.nio.NioEventLoop - instrumented a special java.util.Set into: sun.nio.ch.WindowsSelectorImpl@66982506
2021-06-16 23:35:58.056 [main] TRACE io.netty.channel.nio.NioEventLoop - instrumented a special java.util.Set into: sun.nio.ch.WindowsSelectorImpl@70cf32e3
2021-06-16 23:35:58.056 [main] TRACE io.netty.channel.nio.NioEventLoop - instrumented a special java.util.Set into: sun.nio.ch.WindowsSelectorImpl@5a59ca5e
2021-06-16 23:35:58.056 [main] TRACE io.netty.channel.nio.NioEventLoop - instrumented a special java.util.Set into: sun.nio.ch.WindowsSelectorImpl@4bdeaabb
2021-06-16 23:35:58.103 [main] DEBUG io.netty.buffer.PooledByteBufAllocator - -Dio.netty.allocator.numHeapArenas: 8
2021-06-16 23:35:58.103 [main] DEBUG io.netty.buffer.PooledByteBufAllocator - -Dio.netty.allocator.numDirectArenas: 8
2021-06-16 23:35:58.103 [main] DEBUG io.netty.buffer.PooledByteBufAllocator - -Dio.netty.allocator.pageSize: 8192
2021-06-16 23:35:58.103 [main] DEBUG io.netty.buffer.PooledByteBufAllocator - -Dio.netty.allocator.maxOrder: 11
2021-06-16 23:35:58.103 [main] DEBUG io.netty.buffer.PooledByteBufAllocator - -Dio.netty.allocator.chunkSize: 16777216
2021-06-16 23:35:58.103 [main] DEBUG io.netty.buffer.PooledByteBufAllocator - -Dio.netty.allocator.smallCacheSize: 256
2021-06-16 23:35:58.103 [main] DEBUG io.netty.buffer.PooledByteBufAllocator - -Dio.netty.allocator.normalCacheSize: 64
2021-06-16 23:35:58.103 [main] DEBUG io.netty.buffer.PooledByteBufAllocator - -Dio.netty.allocator.maxCachedBufferCapacity: 32768
2021-06-16 23:35:58.103 [main] DEBUG io.netty.buffer.PooledByteBufAllocator - -Dio.netty.allocator.cacheTrimInterval: 8192
2021-06-16 23:35:58.103 [main] DEBUG io.netty.buffer.PooledByteBufAllocator - -Dio.netty.allocator.cacheTrimIntervalMillis: 0
2021-06-16 23:35:58.103 [main] DEBUG io.netty.buffer.PooledByteBufAllocator - -Dio.netty.allocator.useCacheForAllThreads: true
2021-06-16 23:35:58.103 [main] DEBUG io.netty.buffer.PooledByteBufAllocator - -Dio.netty.allocator.maxCachedByteBuffersPerChunk: 1023
2021-06-16 23:35:58.118 [main] DEBUG io.netty.buffer.ByteBufUtil - -Dio.netty.allocator.type: pooled
2021-06-16 23:35:58.118 [main] DEBUG io.netty.buffer.ByteBufUtil - -Dio.netty.threadLocalDirectBufferSize: 0
2021-06-16 23:35:58.118 [main] DEBUG io.netty.buffer.ByteBufUtil - -Dio.netty.maxThreadLocalCharBufferSize: 16384
2021-06-16 23:35:59.287 [Forwarding newSession on session null to remote] DEBUG io.netty.channel.DefaultChannelId - -Dio.netty.processId: 8760 (auto-detected)
2021-06-16 23:35:59.287 [Forwarding newSession on session null to remote] DEBUG io.netty.util.NetUtil - -Djava.net.preferIPv4Stack: false
2021-06-16 23:35:59.287 [Forwarding newSession on session null to remote] DEBUG io.netty.util.NetUtil - -Djava.net.preferIPv6Addresses: false
2021-06-16 23:35:59.487 [Forwarding newSession on session null to remote] DEBUG io.netty.util.NetUtilInitializations - Loopback interface: lo (Software Loopback Interface 1, 127.0.0.1)
2021-06-16 23:35:59.487 [Forwarding newSession on session null to remote] DEBUG io.netty.util.NetUtil - Failed to get SOMAXCONN from sysctl and file \proc\sys\net\core\somaxconn. Default: 200
2021-06-16 23:35:59.738 [Forwarding newSession on session null to remote] DEBUG io.netty.channel.DefaultChannelId - -Dio.netty.machineId: 80:9b:20:ff:fe:a5:17:ac (auto-detected)
2021-06-16 23:35:59.818 [AsyncHttpClient-1-2] DEBUG io.netty.buffer.AbstractByteBuf - -Dio.netty.buffer.checkAccessible: true
2021-06-16 23:35:59.818 [AsyncHttpClient-1-2] DEBUG io.netty.buffer.AbstractByteBuf - -Dio.netty.buffer.checkBounds: true
2021-06-16 23:35:59.818 [AsyncHttpClient-1-2] DEBUG io.netty.util.ResourceLeakDetectorFactory - Loaded default ResourceLeakDetector: io.netty.util.ResourceLeakDetector@374e657
2021-06-16 23:35:59.851 [AsyncHttpClient-1-2] TRACE io.netty.handler.logging.LoggingHandler - [id: 0x1167572c] REGISTERED
2021-06-16 23:35:59.852 [AsyncHttpClient-1-2] TRACE io.netty.handler.logging.LoggingHandler - [id: 0x1167572c] CONNECT: localhost/127.0.0.1:18185
2021-06-16 23:35:59.855 [AsyncHttpClient-1-2] DEBUG org.asynchttpclient.netty.channel.NettyConnectListener - Using new Channel '[id: 0x1167572c, L:/127.0.0.1:57860 - R:localhost/127.0.0.1:18185]' for 'POST' to '/session'
2021-06-16 23:35:59.871 [AsyncHttpClient-1-2] DEBUG io.netty.util.Recycler - -Dio.netty.recycler.maxCapacityPerThread: 4096
2021-06-16 23:35:59.871 [AsyncHttpClient-1-2] DEBUG io.netty.util.Recycler - -Dio.netty.recycler.maxSharedCapacityFactor: 2
2021-06-16 23:35:59.871 [AsyncHttpClient-1-2] DEBUG io.netty.util.Recycler - -Dio.netty.recycler.linkCapacity: 16
2021-06-16 23:35:59.871 [AsyncHttpClient-1-2] DEBUG io.netty.util.Recycler - -Dio.netty.recycler.ratio: 8
2021-06-16 23:35:59.871 [AsyncHttpClient-1-2] DEBUG io.netty.util.Recycler - -Dio.netty.recycler.delayedQueue.ratio: 8
2021-06-16 23:35:59.871 [AsyncHttpClient-1-2] TRACE io.netty.handler.logging.LoggingHandler - [id: 0x1167572c, L:/127.0.0.1:57860 - R:localhost/127.0.0.1:18185] WRITE: 180B
         +-------------------------------------------------+
         |  0  1  2  3  4  5  6  7  8  9  a  b  c  d  e  f |
+--------+-------------------------------------------------+----------------+
|00000000| 50 4f 53 54 20 2f 73 65 73 73 69 6f 6e 20 48 54 |POST /session HT|
|00000010| 54 50 2f 31 2e 31 0d 0a 55 73 65 72 2d 41 67 65 |TP/1.1..User-Age|
|00000020| 6e 74 3a 20 73 65 6c 65 6e 69 75 6d 2f 34 2e 30 |nt: selenium/4.0|
|00000030| 2e 30 2d 62 65 74 61 2d 34 20 28 6a 61 76 61 20 |.0-beta-4 (java |
|00000040| 77 69 6e 64 6f 77 73 29 0d 0a 43 6f 6e 74 65 6e |windows)..Conten|
|00000050| 74 2d 4c 65 6e 67 74 68 3a 20 33 36 35 0d 0a 43 |t-Length: 365..C|
|00000060| 6f 6e 74 65 6e 74 2d 54 79 70 65 3a 20 61 70 70 |ontent-Type: app|
|00000070| 6c 69 63 61 74 69 6f 6e 2f 6a 73 6f 6e 3b 20 63 |lication/json; c|
|00000080| 68 61 72 73 65 74 3d 75 74 66 2d 38 0d 0a 68 6f |harset=utf-8..ho|
|00000090| 73 74 3a 20 6c 6f 63 61 6c 68 6f 73 74 3a 31 38 |st: localhost:18|
|000000a0| 31 38 35 0d 0a 61 63 63 65 70 74 3a 20 2a 2f 2a |185..accept: */*|
|000000b0| 0d 0a 0d 0a                                     |....            |
+--------+-------------------------------------------------+----------------+
2021-06-16 23:35:59.886 [AsyncHttpClient-1-2] TRACE io.netty.handler.logging.LoggingHandler - [id: 0x1167572c, L:/127.0.0.1:57860 - R:localhost/127.0.0.1:18185] WRITE: 365B
         +-------------------------------------------------+
         |  0  1  2  3  4  5  6  7  8  9  a  b  c  d  e  f |
+--------+-------------------------------------------------+----------------+
|00000000| 7b 0a 20 20 22 64 65 73 69 72 65 64 43 61 70 61 |{.  "desiredCapa|
|00000010| 62 69 6c 69 74 69 65 73 22 3a 20 7b 0a 20 20 20 |bilities": {.   |
|00000020| 20 22 62 72 6f 77 73 65 72 4e 61 6d 65 22 3a 20 | "browserName": |
|00000030| 22 63 68 72 6f 6d 65 22 2c 0a 20 20 20 20 22 67 |"chrome",.    "g|
|00000040| 6f 6f 67 3a 63 68 72 6f 6d 65 4f 70 74 69 6f 6e |oog:chromeOption|
|00000050| 73 22 3a 20 7b 0a 20 20 20 20 20 20 22 61 72 67 |s": {.      "arg|
|00000060| 73 22 3a 20 5b 0a 20 20 20 20 20 20 5d 2c 0a 20 |s": [.      ],. |
|00000070| 20 20 20 20 20 22 65 78 74 65 6e 73 69 6f 6e 73 |     "extensions|
|00000080| 22 3a 20 5b 0a 20 20 20 20 20 20 5d 0a 20 20 20 |": [.      ].   |
|00000090| 20 7d 0a 20 20 7d 2c 0a 20 20 22 63 61 70 61 62 | }.  },.  "capab|
|000000a0| 69 6c 69 74 69 65 73 22 3a 20 7b 0a 20 20 20 20 |ilities": {.    |
|000000b0| 22 66 69 72 73 74 4d 61 74 63 68 22 3a 20 5b 0a |"firstMatch": [.|
|000000c0| 20 20 20 20 20 20 7b 0a 20 20 20 20 20 20 20 20 |      {.        |
|000000d0| 22 62 72 6f 77 73 65 72 4e 61 6d 65 22 3a 20 22 |"browserName": "|
|000000e0| 63 68 72 6f 6d 65 22 2c 0a 20 20 20 20 20 20 20 |chrome",.       |
|000000f0| 20 22 67 6f 6f 67 3a 63 68 72 6f 6d 65 4f 70 74 | "goog:chromeOpt|
|00000100| 69 6f 6e 73 22 3a 20 7b 0a 20 20 20 20 20 20 20 |ions": {.       |
|00000110| 20 20 20 22 61 72 67 73 22 3a 20 5b 0a 20 20 20 |   "args": [.   |
|00000120| 20 20 20 20 20 20 20 5d 2c 0a 20 20 20 20 20 20 |       ],.      |
|00000130| 20 20 20 20 22 65 78 74 65 6e 73 69 6f 6e 73 22 |    "extensions"|
|00000140| 3a 20 5b 0a 20 20 20 20 20 20 20 20 20 20 5d 0a |: [.          ].|
|00000150| 20 20 20 20 20 20 20 20 7d 0a 20 20 20 20 20 20 |        }.      |
|00000160| 7d 0a 20 20 20 20 5d 0a 20 20 7d 0a 7d          |}.    ].  }.}   |
+--------+-------------------------------------------------+----------------+
2021-06-16 23:35:59.886 [AsyncHttpClient-1-2] TRACE io.netty.handler.logging.LoggingHandler - [id: 0x1167572c, L:/127.0.0.1:57860 - R:localhost/127.0.0.1:18185] FLUSH
2021-06-16 23:35:59.902 [AsyncHttpClient-1-2] TRACE io.netty.handler.logging.LoggingHandler - [id: 0x1167572c, L:/127.0.0.1:57860 - R:localhost/127.0.0.1:18185] WRITE: 0B
2021-06-16 23:35:59.902 [AsyncHttpClient-1-2] TRACE io.netty.handler.logging.LoggingHandler - [id: 0x1167572c, L:/127.0.0.1:57860 - R:localhost/127.0.0.1:18185] FLUSH
2021-06-16 23:35:59.902 [AsyncHttpClient-1-2] TRACE io.netty.handler.logging.LoggingHandler - [id: 0x1167572c, L:/127.0.0.1:57860 - R:localhost/127.0.0.1:18185] ACTIVE
2021-06-16 23:36:01.807 [AsyncHttpClient-1-2] TRACE io.netty.handler.logging.LoggingHandler - [id: 0x1167572c, L:/127.0.0.1:57860 - R:localhost/127.0.0.1:18185] READ: 861B
         +-------------------------------------------------+
         |  0  1  2  3  4  5  6  7  8  9  a  b  c  d  e  f |
+--------+-------------------------------------------------+----------------+
|00000000| 48 54 54 50 2f 31 2e 31 20 32 30 30 20 4f 4b 0d |HTTP/1.1 200 OK.|
|00000010| 0a 43 6f 6e 74 65 6e 74 2d 4c 65 6e 67 74 68 3a |.Content-Length:|
|00000020| 37 35 32 0d 0a 43 6f 6e 74 65 6e 74 2d 54 79 70 |752..Content-Typ|
|00000030| 65 3a 61 70 70 6c 69 63 61 74 69 6f 6e 2f 6a 73 |e:application/js|
|00000040| 6f 6e 3b 20 63 68 61 72 73 65 74 3d 75 74 66 2d |on; charset=utf-|
|00000050| 38 0d 0a 63 61 63 68 65 2d 63 6f 6e 74 72 6f 6c |8..cache-control|
|00000060| 3a 6e 6f 2d 63 61 63 68 65 0d 0a 0d 0a 7b 22 76 |:no-cache....{"v|
|00000070| 61 6c 75 65 22 3a 7b 22 63 61 70 61 62 69 6c 69 |alue":{"capabili|
|00000080| 74 69 65 73 22 3a 7b 22 61 63 63 65 70 74 49 6e |ties":{"acceptIn|
|00000090| 73 65 63 75 72 65 43 65 72 74 73 22 3a 66 61 6c |secureCerts":fal|
|000000a0| 73 65 2c 22 62 72 6f 77 73 65 72 4e 61 6d 65 22 |se,"browserName"|
|000000b0| 3a 22 63 68 72 6f 6d 65 22 2c 22 62 72 6f 77 73 |:"chrome","brows|
|000000c0| 65 72 56 65 72 73 69 6f 6e 22 3a 22 39 31 2e 30 |erVersion":"91.0|
|000000d0| 2e 34 34 37 32 2e 31 30 31 22 2c 22 63 68 72 6f |.4472.101","chro|
|000000e0| 6d 65 22 3a 7b 22 63 68 72 6f 6d 65 64 72 69 76 |me":{"chromedriv|
|000000f0| 65 72 56 65 72 73 69 6f 6e 22 3a 22 39 31 2e 30 |erVersion":"91.0|
|00000100| 2e 34 34 37 32 2e 31 39 20 28 31 62 66 30 32 31 |.4472.19 (1bf021|
|00000110| 66 32 34 38 36 37 36 61 30 62 32 61 62 33 65 65 |f248676a0b2ab3ee|
|00000120| 30 35 36 31 64 38 33 61 35 39 65 34 32 34 63 32 |0561d83a59e424c2|
|00000130| 33 65 2d 72 65 66 73 2f 62 72 61 6e 63 68 2d 68 |3e-refs/branch-h|
|00000140| 65 61 64 73 2f 34 34 37 32 40 7b 23 32 38 38 7d |eads/4472@{#288}|
|00000150| 29 22 2c 22 75 73 65 72 44 61 74 61 44 69 72 22 |)","userDataDir"|
|00000160| 3a 22 43 3a 5c 5c 55 73 65 72 73 5c 5c 4d 61 69 |:"C:\\Users\\Mai|
|00000170| 6e 5c 5c 41 70 70 44 61 74 61 5c 5c 4c 6f 63 61 |n\\AppData\\Loca|
|00000180| 6c 5c 5c 54 65 6d 70 5c 5c 73 63 6f 70 65 64 5f |l\\Temp\\scoped_|
|00000190| 64 69 72 32 30 36 35 32 5f 37 33 38 30 36 36 38 |dir20652_7380668|
|000001a0| 38 32 22 7d 2c 22 67 6f 6f 67 3a 63 68 72 6f 6d |82"},"goog:chrom|
|000001b0| 65 4f 70 74 69 6f 6e 73 22 3a 7b 22 64 65 62 75 |eOptions":{"debu|
|000001c0| 67 67 65 72 41 64 64 72 65 73 73 22 3a 22 6c 6f |ggerAddress":"lo|
|000001d0| 63 61 6c 68 6f 73 74 3a 35 37 38 36 36 22 7d 2c |calhost:57866"},|
|000001e0| 22 6e 65 74 77 6f 72 6b 43 6f 6e 6e 65 63 74 69 |"networkConnecti|
|000001f0| 6f 6e 45 6e 61 62 6c 65 64 22 3a 66 61 6c 73 65 |onEnabled":false|
|00000200| 2c 22 70 61 67 65 4c 6f 61 64 53 74 72 61 74 65 |,"pageLoadStrate|
|00000210| 67 79 22 3a 22 6e 6f 72 6d 61 6c 22 2c 22 70 6c |gy":"normal","pl|
|00000220| 61 74 66 6f 72 6d 4e 61 6d 65 22 3a 22 77 69 6e |atformName":"win|
|00000230| 64 6f 77 73 22 2c 22 70 72 6f 78 79 22 3a 7b 7d |dows","proxy":{}|
|00000240| 2c 22 73 65 74 57 69 6e 64 6f 77 52 65 63 74 22 |,"setWindowRect"|
|00000250| 3a 74 72 75 65 2c 22 73 74 72 69 63 74 46 69 6c |:true,"strictFil|
|00000260| 65 49 6e 74 65 72 61 63 74 61 62 69 6c 69 74 79 |eInteractability|
|00000270| 22 3a 66 61 6c 73 65 2c 22 74 69 6d 65 6f 75 74 |":false,"timeout|
|00000280| 73 22 3a 7b 22 69 6d 70 6c 69 63 69 74 22 3a 30 |s":{"implicit":0|
|00000290| 2c 22 70 61 67 65 4c 6f 61 64 22 3a 33 30 30 30 |,"pageLoad":3000|
|000002a0| 30 30 2c 22 73 63 72 69 70 74 22 3a 33 30 30 30 |00,"script":3000|
|000002b0| 30 7d 2c 22 75 6e 68 61 6e 64 6c 65 64 50 72 6f |0},"unhandledPro|
|000002c0| 6d 70 74 42 65 68 61 76 69 6f 72 22 3a 22 64 69 |mptBehavior":"di|
|000002d0| 73 6d 69 73 73 20 61 6e 64 20 6e 6f 74 69 66 79 |smiss and notify|
|000002e0| 22 2c 22 77 65 62 61 75 74 68 6e 3a 65 78 74 65 |","webauthn:exte|
|000002f0| 6e 73 69 6f 6e 3a 6c 61 72 67 65 42 6c 6f 62 22 |nsion:largeBlob"|
|00000300| 3a 74 72 75 65 2c 22 77 65 62 61 75 74 68 6e 3a |:true,"webauthn:|
|00000310| 76 69 72 74 75 61 6c 41 75 74 68 65 6e 74 69 63 |virtualAuthentic|
|00000320| 61 74 6f 72 73 22 3a 74 72 75 65 7d 2c 22 73 65 |ators":true},"se|
|00000330| 73 73 69 6f 6e 49 64 22 3a 22 62 62 61 63 36 66 |ssionId":"bbac6f|
|00000340| 37 33 39 30 35 61 33 34 39 66 38 30 31 37 32 66 |73905a349f80172f|
|00000350| 66 66 39 63 33 30 62 35 31 62 22 7d 7d          |ff9c30b51b"}}   |
+--------+-------------------------------------------------+----------------+
2021-06-16 23:36:01.815 [AsyncHttpClient-1-2] DEBUG org.asynchttpclient.netty.handler.HttpHandler - 

Request DefaultHttpRequest(decodeResult: success, version: HTTP/1.1)
POST /session HTTP/1.1
User-Agent: selenium/4.0.0-beta-4 (java windows)
Content-Length: 365
Content-Type: application/json; charset=utf-8
host: localhost:18185
accept: */*

Response DefaultHttpResponse(decodeResult: success, version: HTTP/1.1)
HTTP/1.1 200 OK
Content-Type: application/json; charset=utf-8
cache-control: no-cache
content-length: 752

2021-06-16 23:36:01.828 [AsyncHttpClient-1-2] DEBUG org.asynchttpclient.netty.channel.ChannelManager - Adding key: http://localhost:18185 for channel [id: 0x1167572c, L:/127.0.0.1:57860 - R:localhost/127.0.0.1:18185]
2021-06-16 23:36:01.832 [AsyncHttpClient-1-2] TRACE io.netty.handler.logging.LoggingHandler - [id: 0x1167572c, L:/127.0.0.1:57860 - R:localhost/127.0.0.1:18185] READ COMPLETE
2021-06-16 23:36:02.222 [AsyncHttpClient-1-3] TRACE io.netty.handler.logging.LoggingHandler - [id: 0x454ff691] REGISTERED
2021-06-16 23:36:02.223 [AsyncHttpClient-1-3] TRACE io.netty.handler.logging.LoggingHandler - [id: 0x454ff691] CONNECT: localhost/127.0.0.1:57866
2021-06-16 23:36:02.224 [AsyncHttpClient-1-3] DEBUG org.asynchttpclient.netty.channel.NettyConnectListener - Using new Channel '[id: 0x454ff691, L:/127.0.0.1:53082 - R:localhost/127.0.0.1:57866]' for 'GET' to '/json/version'
2021-06-16 23:36:02.225 [AsyncHttpClient-1-3] TRACE io.netty.handler.logging.LoggingHandler - [id: 0x454ff691, L:/127.0.0.1:53082 - R:localhost/127.0.0.1:57866] WRITE: 116B
         +-------------------------------------------------+
         |  0  1  2  3  4  5  6  7  8  9  a  b  c  d  e  f |
+--------+-------------------------------------------------+----------------+
|00000000| 47 45 54 20 2f 6a 73 6f 6e 2f 76 65 72 73 69 6f |GET /json/versio|
|00000010| 6e 20 48 54 54 50 2f 31 2e 31 0d 0a 55 73 65 72 |n HTTP/1.1..User|
|00000020| 2d 41 67 65 6e 74 3a 20 73 65 6c 65 6e 69 75 6d |-Agent: selenium|
|00000030| 2f 34 2e 30 2e 30 2d 62 65 74 61 2d 34 20 28 6a |/4.0.0-beta-4 (j|
|00000040| 61 76 61 20 77 69 6e 64 6f 77 73 29 0d 0a 68 6f |ava windows)..ho|
|00000050| 73 74 3a 20 6c 6f 63 61 6c 68 6f 73 74 3a 35 37 |st: localhost:57|
|00000060| 38 36 36 0d 0a 61 63 63 65 70 74 3a 20 2a 2f 2a |866..accept: */*|
|00000070| 0d 0a 0d 0a                                     |....            |
+--------+-------------------------------------------------+----------------+
2021-06-16 23:36:02.226 [AsyncHttpClient-1-3] TRACE io.netty.handler.logging.LoggingHandler - [id: 0x454ff691, L:/127.0.0.1:53082 - R:localhost/127.0.0.1:57866] FLUSH
2021-06-16 23:36:02.228 [AsyncHttpClient-1-3] TRACE io.netty.handler.logging.LoggingHandler - [id: 0x454ff691, L:/127.0.0.1:53082 - R:localhost/127.0.0.1:57866] ACTIVE
2021-06-16 23:36:02.230 [AsyncHttpClient-1-3] TRACE io.netty.handler.logging.LoggingHandler - [id: 0x454ff691, L:/127.0.0.1:53082 - R:localhost/127.0.0.1:57866] READ: 511B
         +-------------------------------------------------+
         |  0  1  2  3  4  5  6  7  8  9  a  b  c  d  e  f |
+--------+-------------------------------------------------+----------------+
|00000000| 48 54 54 50 2f 31 2e 31 20 32 30 30 20 4f 4b 0d |HTTP/1.1 200 OK.|
|00000010| 0a 43 6f 6e 74 65 6e 74 2d 4c 65 6e 67 74 68 3a |.Content-Length:|
|00000020| 34 32 36 0d 0a 43 6f 6e 74 65 6e 74 2d 54 79 70 |426..Content-Typ|
|00000030| 65 3a 61 70 70 6c 69 63 61 74 69 6f 6e 2f 6a 73 |e:application/js|
|00000040| 6f 6e 3b 20 63 68 61 72 73 65 74 3d 55 54 46 2d |on; charset=UTF-|
|00000050| 38 0d 0a 0d 0a 7b 0d 0a 20 20 20 22 42 72 6f 77 |8....{..   "Brow|
|00000060| 73 65 72 22 3a 20 22 43 68 72 6f 6d 65 2f 39 31 |ser": "Chrome/91|
|00000070| 2e 30 2e 34 34 37 32 2e 31 30 31 22 2c 0d 0a 20 |.0.4472.101",.. |
|00000080| 20 20 22 50 72 6f 74 6f 63 6f 6c 2d 56 65 72 73 |  "Protocol-Vers|
|00000090| 69 6f 6e 22 3a 20 22 31 2e 33 22 2c 0d 0a 20 20 |ion": "1.3",..  |
|000000a0| 20 22 55 73 65 72 2d 41 67 65 6e 74 22 3a 20 22 | "User-Agent": "|
|000000b0| 4d 6f 7a 69 6c 6c 61 2f 35 2e 30 20 28 57 69 6e |Mozilla/5.0 (Win|
|000000c0| 64 6f 77 73 20 4e 54 20 31 30 2e 30 3b 20 57 69 |dows NT 10.0; Wi|
|000000d0| 6e 36 34 3b 20 78 36 34 29 20 41 70 70 6c 65 57 |n64; x64) AppleW|
|000000e0| 65 62 4b 69 74 2f 35 33 37 2e 33 36 20 28 4b 48 |ebKit/537.36 (KH|
|000000f0| 54 4d 4c 2c 20 6c 69 6b 65 20 47 65 63 6b 6f 29 |TML, like Gecko)|
|00000100| 20 43 68 72 6f 6d 65 2f 39 31 2e 30 2e 34 34 37 | Chrome/91.0.447|
|00000110| 32 2e 31 30 31 20 53 61 66 61 72 69 2f 35 33 37 |2.101 Safari/537|
|00000120| 2e 33 36 22 2c 0d 0a 20 20 20 22 56 38 2d 56 65 |.36",..   "V8-Ve|
|00000130| 72 73 69 6f 6e 22 3a 20 22 39 2e 31 2e 32 36 39 |rsion": "9.1.269|
|00000140| 2e 33 36 22 2c 0d 0a 20 20 20 22 57 65 62 4b 69 |.36",..   "WebKi|
|00000150| 74 2d 56 65 72 73 69 6f 6e 22 3a 20 22 35 33 37 |t-Version": "537|
|00000160| 2e 33 36 20 28 40 61 66 35 32 61 39 30 62 66 38 |.36 (@af52a90bf8|
|00000170| 37 30 33 30 64 64 31 35 32 33 34 38 36 61 31 63 |7030dd1523486a1c|
|00000180| 64 33 61 65 32 35 63 35 64 37 36 63 39 62 29 22 |d3ae25c5d76c9b)"|
|00000190| 2c 0d 0a 20 20 20 22 77 65 62 53 6f 63 6b 65 74 |,..   "webSocket|
|000001a0| 44 65 62 75 67 67 65 72 55 72 6c 22 3a 20 22 77 |DebuggerUrl": "w|
|000001b0| 73 3a 2f 2f 6c 6f 63 61 6c 68 6f 73 74 3a 35 37 |s://localhost:57|
|000001c0| 38 36 36 2f 64 65 76 74 6f 6f 6c 73 2f 62 72 6f |866/devtools/bro|
|000001d0| 77 73 65 72 2f 63 62 30 62 66 33 35 37 2d 38 37 |wser/cb0bf357-87|
|000001e0| 62 63 2d 34 35 64 36 2d 61 31 32 31 2d 38 64 33 |bc-45d6-a121-8d3|
|000001f0| 64 63 30 36 31 63 37 32 39 22 0d 0a 7d 0d 0a    |dc061c729"..}.. |
+--------+-------------------------------------------------+----------------+
2021-06-16 23:36:02.232 [AsyncHttpClient-1-3] DEBUG org.asynchttpclient.netty.handler.HttpHandler - 

Request DefaultFullHttpRequest(decodeResult: success, version: HTTP/1.1, content: EmptyByteBufBE)
GET /json/version HTTP/1.1
User-Agent: selenium/4.0.0-beta-4 (java windows)
host: localhost:57866
accept: */*

Response DefaultHttpResponse(decodeResult: success, version: HTTP/1.1)
HTTP/1.1 200 OK
Content-Type: application/json; charset=UTF-8
content-length: 426

2021-06-16 23:36:02.232 [AsyncHttpClient-1-3] DEBUG org.asynchttpclient.netty.channel.ChannelManager - Adding key: http://localhost:57866 for channel [id: 0x454ff691, L:/127.0.0.1:53082 - R:localhost/127.0.0.1:57866]
2021-06-16 23:36:02.233 [AsyncHttpClient-1-3] TRACE io.netty.handler.logging.LoggingHandler - [id: 0x454ff691, L:/127.0.0.1:53082 - R:localhost/127.0.0.1:57866] READ COMPLETE
2021-06-16 23:36:02.256 [main] DEBUG io.netty.util.internal.ThreadLocalRandom - -Dio.netty.initialSeedUniquifier: 0xbd79744097618760
2021-06-16 23:36:02.262 [AsyncHttpClient-1-4] TRACE io.netty.handler.logging.LoggingHandler - [id: 0x8b4fe667] REGISTERED
2021-06-16 23:36:02.263 [AsyncHttpClient-1-4] TRACE io.netty.handler.logging.LoggingHandler - [id: 0x8b4fe667] CONNECT: localhost/127.0.0.1:57866
2021-06-16 23:36:02.264 [AsyncHttpClient-1-4] DEBUG org.asynchttpclient.netty.channel.NettyConnectListener - Using new Channel '[id: 0x8b4fe667, L:/127.0.0.1:53083 - R:localhost/127.0.0.1:57866]' for 'GET' to '/devtools/browser/cb0bf357-87bc-45d6-a121-8d3dc061c729'
2021-06-16 23:36:02.265 [AsyncHttpClient-1-4] TRACE io.netty.handler.logging.LoggingHandler - [id: 0x8b4fe667, L:/127.0.0.1:53083 - R:localhost/127.0.0.1:57866] WRITE: 273B
         +-------------------------------------------------+
         |  0  1  2  3  4  5  6  7  8  9  a  b  c  d  e  f |
+--------+-------------------------------------------------+----------------+
|00000000| 47 45 54 20 2f 64 65 76 74 6f 6f 6c 73 2f 62 72 |GET /devtools/br|
|00000010| 6f 77 73 65 72 2f 63 62 30 62 66 33 35 37 2d 38 |owser/cb0bf357-8|
|00000020| 37 62 63 2d 34 35 64 36 2d 61 31 32 31 2d 38 64 |7bc-45d6-a121-8d|
|00000030| 33 64 63 30 36 31 63 37 32 39 20 48 54 54 50 2f |3dc061c729 HTTP/|
|00000040| 31 2e 31 0d 0a 75 70 67 72 61 64 65 3a 20 77 65 |1.1..upgrade: we|
|00000050| 62 73 6f 63 6b 65 74 0d 0a 63 6f 6e 6e 65 63 74 |bsocket..connect|
|00000060| 69 6f 6e 3a 20 75 70 67 72 61 64 65 0d 0a 73 65 |ion: upgrade..se|
|00000070| 63 2d 77 65 62 73 6f 63 6b 65 74 2d 6b 65 79 3a |c-websocket-key:|
|00000080| 20 79 6f 4e 6a 6e 2f 4d 52 32 49 44 44 75 75 34 | yoNjn/MR2IDDuu4|
|00000090| 6a 77 59 42 54 73 67 3d 3d 0d 0a 73 65 63 2d 77 |jwYBTsg==..sec-w|
|000000a0| 65 62 73 6f 63 6b 65 74 2d 76 65 72 73 69 6f 6e |ebsocket-version|
|000000b0| 3a 20 31 33 0d 0a 6f 72 69 67 69 6e 3a 20 68 74 |: 13..origin: ht|
|000000c0| 74 70 3a 2f 2f 6c 6f 63 61 6c 68 6f 73 74 3a 35 |tp://localhost:5|
|000000d0| 37 38 36 36 0d 0a 68 6f 73 74 3a 20 6c 6f 63 61 |7866..host: loca|
|000000e0| 6c 68 6f 73 74 3a 35 37 38 36 36 0d 0a 61 63 63 |lhost:57866..acc|
|000000f0| 65 70 74 3a 20 2a 2f 2a 0d 0a 75 73 65 72 2d 61 |ept: */*..user-a|
|00000100| 67 65 6e 74 3a 20 41 48 43 2f 32 2e 31 0d 0a 0d |gent: AHC/2.1...|
|00000110| 0a                                              |.               |
+--------+-------------------------------------------------+----------------+
2021-06-16 23:36:02.265 [AsyncHttpClient-1-4] TRACE io.netty.handler.logging.LoggingHandler - [id: 0x8b4fe667, L:/127.0.0.1:53083 - R:localhost/127.0.0.1:57866] FLUSH
2021-06-16 23:36:02.266 [AsyncHttpClient-1-4] TRACE io.netty.handler.logging.LoggingHandler - [id: 0x8b4fe667, L:/127.0.0.1:53083 - R:localhost/127.0.0.1:57866] ACTIVE
2021-06-16 23:36:02.267 [AsyncHttpClient-1-4] TRACE io.netty.handler.logging.LoggingHandler - [id: 0x8b4fe667, L:/127.0.0.1:53083 - R:localhost/127.0.0.1:57866] READ: 138B
         +-------------------------------------------------+
         |  0  1  2  3  4  5  6  7  8  9  a  b  c  d  e  f |
+--------+-------------------------------------------------+----------------+
|00000000| 48 54 54 50 2f 31 2e 31 20 31 30 31 20 57 65 62 |HTTP/1.1 101 Web|
|00000010| 53 6f 63 6b 65 74 20 50 72 6f 74 6f 63 6f 6c 20 |Socket Protocol |
|00000020| 48 61 6e 64 73 68 61 6b 65 0d 0a 55 70 67 72 61 |Handshake..Upgra|
|00000030| 64 65 3a 20 57 65 62 53 6f 63 6b 65 74 0d 0a 43 |de: WebSocket..C|
|00000040| 6f 6e 6e 65 63 74 69 6f 6e 3a 20 55 70 67 72 61 |onnection: Upgra|
|00000050| 64 65 0d 0a 53 65 63 2d 57 65 62 53 6f 63 6b 65 |de..Sec-WebSocke|
|00000060| 74 2d 41 63 63 65 70 74 3a 20 75 76 30 65 57 32 |t-Accept: uv0eW2|
|00000070| 55 6f 4d 57 4a 35 59 79 59 54 6f 77 2b 2b 4d 56 |UoMWJ5YyYTow++MV|
|00000080| 2f 70 47 77 51 3d 0d 0a 0d 0a                   |/pGwQ=....      |
+--------+-------------------------------------------------+----------------+
2021-06-16 23:36:02.267 [AsyncHttpClient-1-4] DEBUG org.asynchttpclient.netty.handler.WebSocketHandler - 

Request DefaultFullHttpRequest(decodeResult: success, version: HTTP/1.1, content: EmptyByteBufBE)
GET /devtools/browser/cb0bf357-87bc-45d6-a121-8d3dc061c729 HTTP/1.1
upgrade: websocket
connection: upgrade
sec-websocket-key: yoNjn/MR2IDDuu4jwYBTsg==
sec-websocket-version: 13
origin: http://localhost:57866
host: localhost:57866
accept: */*
user-agent: AHC/2.1

Response DefaultHttpResponse(decodeResult: success, version: HTTP/1.1)
HTTP/1.1 101 WebSocket Protocol Handshake
Upgrade: WebSocket
Connection: Upgrade
Sec-WebSocket-Accept: uv0eW2UoMWJ5YyYTow++MV/pGwQ=

2021-06-16 23:36:02.285 [AsyncHttpClient-1-4] TRACE io.netty.handler.logging.LoggingHandler - [id: 0x8b4fe667, L:/127.0.0.1:53083 - R:localhost/127.0.0.1:57866] READ COMPLETE
2021-06-16 23:36:02.324 [Forwarding get on session bbac6f73905a349f80172fff9c30b51b to remote] DEBUG org.asynchttpclient.netty.request.NettyRequestSender - Using pooled Channel '[id: 0x1167572c, L:/127.0.0.1:57860 - R:localhost/127.0.0.1:18185]' for 'POST' to 'http://localhost:18185/session/bbac6f73905a349f80172fff9c30b51b/url'
2021-06-16 23:36:02.325 [Forwarding get on session bbac6f73905a349f80172fff9c30b51b to remote] DEBUG org.asynchttpclient.netty.request.NettyRequestSender - Using open Channel [id: 0x1167572c, L:/127.0.0.1:57860 - R:localhost/127.0.0.1:18185] for POST '/session/bbac6f73905a349f80172fff9c30b51b/url'
2021-06-16 23:36:02.329 [AsyncHttpClient-1-2] TRACE io.netty.handler.logging.LoggingHandler - [id: 0x1167572c, L:/127.0.0.1:57860 - R:localhost/127.0.0.1:18185] WRITE: 216B
         +-------------------------------------------------+
         |  0  1  2  3  4  5  6  7  8  9  a  b  c  d  e  f |
+--------+-------------------------------------------------+----------------+
|00000000| 50 4f 53 54 20 2f 73 65 73 73 69 6f 6e 2f 62 62 |POST /session/bb|
|00000010| 61 63 36 66 37 33 39 30 35 61 33 34 39 66 38 30 |ac6f73905a349f80|
|00000020| 31 37 32 66 66 66 39 63 33 30 62 35 31 62 2f 75 |172fff9c30b51b/u|
|00000030| 72 6c 20 48 54 54 50 2f 31 2e 31 0d 0a 55 73 65 |rl HTTP/1.1..Use|
|00000040| 72 2d 41 67 65 6e 74 3a 20 73 65 6c 65 6e 69 75 |r-Agent: seleniu|
|00000050| 6d 2f 34 2e 30 2e 30 2d 62 65 74 61 2d 34 20 28 |m/4.0.0-beta-4 (|
|00000060| 6a 61 76 61 20 77 69 6e 64 6f 77 73 29 0d 0a 43 |java windows)..C|
|00000070| 6f 6e 74 65 6e 74 2d 4c 65 6e 67 74 68 3a 20 34 |ontent-Length: 4|
|00000080| 39 0d 0a 43 6f 6e 74 65 6e 74 2d 54 79 70 65 3a |9..Content-Type:|
|00000090| 20 61 70 70 6c 69 63 61 74 69 6f 6e 2f 6a 73 6f | application/jso|
|000000a0| 6e 3b 20 63 68 61 72 73 65 74 3d 75 74 66 2d 38 |n; charset=utf-8|
|000000b0| 0d 0a 68 6f 73 74 3a 20 6c 6f 63 61 6c 68 6f 73 |..host: localhos|
|000000c0| 74 3a 31 38 31 38 35 0d 0a 61 63 63 65 70 74 3a |t:18185..accept:|
|000000d0| 20 2a 2f 2a 0d 0a 0d 0a                         | */*....        |
+--------+-------------------------------------------------+----------------+
2021-06-16 23:36:02.330 [AsyncHttpClient-1-2] TRACE io.netty.handler.logging.LoggingHandler - [id: 0x1167572c, L:/127.0.0.1:57860 - R:localhost/127.0.0.1:18185] WRITE: 49B
         +-------------------------------------------------+
         |  0  1  2  3  4  5  6  7  8  9  a  b  c  d  e  f |
+--------+-------------------------------------------------+----------------+
|00000000| 7b 0a 20 20 22 75 72 6c 22 3a 20 22 68 74 74 70 |{.  "url": "http|
|00000010| 3a 5c 75 30 30 32 66 5c 75 30 30 32 66 77 77 77 |:\u002f\u002fwww|
|00000020| 2e 6f 74 75 73 2e 72 75 5c 75 30 30 32 66 22 0a |.otus.ru\u002f".|
|00000030| 7d                                              |}               |
+--------+-------------------------------------------------+----------------+
2021-06-16 23:36:02.331 [AsyncHttpClient-1-2] TRACE io.netty.handler.logging.LoggingHandler - [id: 0x1167572c, L:/127.0.0.1:57860 - R:localhost/127.0.0.1:18185] FLUSH
2021-06-16 23:36:02.331 [AsyncHttpClient-1-2] TRACE io.netty.handler.logging.LoggingHandler - [id: 0x1167572c, L:/127.0.0.1:57860 - R:localhost/127.0.0.1:18185] WRITE: 0B
2021-06-16 23:36:02.332 [AsyncHttpClient-1-2] TRACE io.netty.handler.logging.LoggingHandler - [id: 0x1167572c, L:/127.0.0.1:57860 - R:localhost/127.0.0.1:18185] FLUSH
2021-06-16 23:36:02.340 [AsyncHttpClient-1-1] DEBUG org.asynchttpclient.netty.channel.DefaultChannelPool - Entry count for : http://localhost:57866 : 1
2021-06-16 23:36:03.442 [AsyncHttpClient-1-1] DEBUG org.asynchttpclient.netty.channel.DefaultChannelPool - Entry count for : http://localhost:57866 : 1
2021-06-16 23:36:04.564 [AsyncHttpClient-1-1] DEBUG org.asynchttpclient.netty.channel.DefaultChannelPool - Entry count for : http://localhost:57866 : 1
2021-06-16 23:36:05.641 [AsyncHttpClient-1-1] DEBUG org.asynchttpclient.netty.channel.DefaultChannelPool - Entry count for : http://localhost:57866 : 1
2021-06-16 23:36:06.742 [AsyncHttpClient-1-1] DEBUG org.asynchttpclient.netty.channel.DefaultChannelPool - Entry count for : http://localhost:57866 : 1
2021-06-16 23:36:07.519 [AsyncHttpClient-1-2] TRACE io.netty.handler.logging.LoggingHandler - [id: 0x1167572c, L:/127.0.0.1:57860 - R:localhost/127.0.0.1:18185] READ: 122B
         +-------------------------------------------------+
         |  0  1  2  3  4  5  6  7  8  9  a  b  c  d  e  f |
+--------+-------------------------------------------------+----------------+
|00000000| 48 54 54 50 2f 31 2e 31 20 32 30 30 20 4f 4b 0d |HTTP/1.1 200 OK.|
|00000010| 0a 43 6f 6e 74 65 6e 74 2d 4c 65 6e 67 74 68 3a |.Content-Length:|
|00000020| 31 34 0d 0a 43 6f 6e 74 65 6e 74 2d 54 79 70 65 |14..Content-Type|
|00000030| 3a 61 70 70 6c 69 63 61 74 69 6f 6e 2f 6a 73 6f |:application/jso|
|00000040| 6e 3b 20 63 68 61 72 73 65 74 3d 75 74 66 2d 38 |n; charset=utf-8|
|00000050| 0d 0a 63 61 63 68 65 2d 63 6f 6e 74 72 6f 6c 3a |..cache-control:|
|00000060| 6e 6f 2d 63 61 63 68 65 0d 0a 0d 0a 7b 22 76 61 |no-cache....{"va|
|00000070| 6c 75 65 22 3a 6e 75 6c 6c 7d                   |lue":null}      |
+--------+-------------------------------------------------+----------------+
2021-06-16 23:36:07.520 [AsyncHttpClient-1-2] DEBUG org.asynchttpclient.netty.handler.HttpHandler - 

Request DefaultHttpRequest(decodeResult: success, version: HTTP/1.1)
POST /session/bbac6f73905a349f80172fff9c30b51b/url HTTP/1.1
User-Agent: selenium/4.0.0-beta-4 (java windows)
Content-Length: 49
Content-Type: application/json; charset=utf-8
host: localhost:18185
accept: */*

Response DefaultHttpResponse(decodeResult: success, version: HTTP/1.1)
HTTP/1.1 200 OK
Content-Type: application/json; charset=utf-8
cache-control: no-cache
content-length: 14

2021-06-16 23:36:07.521 [AsyncHttpClient-1-2] DEBUG org.asynchttpclient.netty.channel.ChannelManager - Adding key: http://localhost:18185 for channel [id: 0x1167572c, L:/127.0.0.1:57860 - R:localhost/127.0.0.1:18185]
2021-06-16 23:36:07.521 [AsyncHttpClient-1-2] TRACE io.netty.handler.logging.LoggingHandler - [id: 0x1167572c, L:/127.0.0.1:57860 - R:localhost/127.0.0.1:18185] READ COMPLETE
2021-06-16 23:36:07.849 [AsyncHttpClient-1-1] DEBUG org.asynchttpclient.netty.channel.DefaultChannelPool - Entry count for : http://localhost:18185 : 1
2021-06-16 23:36:07.849 [AsyncHttpClient-1-1] DEBUG org.asynchttpclient.netty.channel.DefaultChannelPool - Entry count for : http://localhost:57866 : 1
2021-06-16 23:36:08.942 [AsyncHttpClient-1-1] DEBUG org.asynchttpclient.netty.channel.DefaultChannelPool - Entry count for : http://localhost:18185 : 1
2021-06-16 23:36:08.942 [AsyncHttpClient-1-1] DEBUG org.asynchttpclient.netty.channel.DefaultChannelPool - Entry count for : http://localhost:57866 : 1
2021-06-16 23:36:10.041 [AsyncHttpClient-1-1] DEBUG org.asynchttpclient.netty.channel.DefaultChannelPool - Entry count for : http://localhost:18185 : 1
2021-06-16 23:36:10.041 [AsyncHttpClient-1-1] DEBUG org.asynchttpclient.netty.channel.DefaultChannelPool - Entry count for : http://localhost:57866 : 1
2021-06-16 23:36:11.141 [AsyncHttpClient-1-1] DEBUG org.asynchttpclient.netty.channel.DefaultChannelPool - Entry count for : http://localhost:18185 : 1
2021-06-16 23:36:11.141 [AsyncHttpClient-1-1] DEBUG org.asynchttpclient.netty.channel.DefaultChannelPool - Entry count for : http://localhost:57866 : 1
2021-06-16 23:36:12.242 [AsyncHttpClient-1-1] DEBUG org.asynchttpclient.netty.channel.DefaultChannelPool - Entry count for : http://localhost:18185 : 1
2021-06-16 23:36:12.242 [AsyncHttpClient-1-1] DEBUG org.asynchttpclient.netty.channel.DefaultChannelPool - Entry count for : http://localhost:57866 : 1
2021-06-16 23:36:12.531 [Forwarding getTitle on session bbac6f73905a349f80172fff9c30b51b to remote] DEBUG org.asynchttpclient.netty.request.NettyRequestSender - Using pooled Channel '[id: 0x1167572c, L:/127.0.0.1:57860 - R:localhost/127.0.0.1:18185]' for 'GET' to 'http://localhost:18185/session/bbac6f73905a349f80172fff9c30b51b/title'
2021-06-16 23:36:12.531 [Forwarding getTitle on session bbac6f73905a349f80172fff9c30b51b to remote] DEBUG org.asynchttpclient.netty.request.NettyRequestSender - Using open Channel [id: 0x1167572c, L:/127.0.0.1:57860 - R:localhost/127.0.0.1:18185] for GET '/session/bbac6f73905a349f80172fff9c30b51b/title'
2021-06-16 23:36:12.532 [AsyncHttpClient-1-2] TRACE io.netty.handler.logging.LoggingHandler - [id: 0x1167572c, L:/127.0.0.1:57860 - R:localhost/127.0.0.1:18185] WRITE: 222B
         +-------------------------------------------------+
         |  0  1  2  3  4  5  6  7  8  9  a  b  c  d  e  f |
+--------+-------------------------------------------------+----------------+
|00000000| 47 45 54 20 2f 73 65 73 73 69 6f 6e 2f 62 62 61 |GET /session/bba|
|00000010| 63 36 66 37 33 39 30 35 61 33 34 39 66 38 30 31 |c6f73905a349f801|
|00000020| 37 32 66 66 66 39 63 33 30 62 35 31 62 2f 74 69 |72fff9c30b51b/ti|
|00000030| 74 6c 65 20 48 54 54 50 2f 31 2e 31 0d 0a 55 73 |tle HTTP/1.1..Us|
|00000040| 65 72 2d 41 67 65 6e 74 3a 20 73 65 6c 65 6e 69 |er-Agent: seleni|
|00000050| 75 6d 2f 34 2e 30 2e 30 2d 62 65 74 61 2d 34 20 |um/4.0.0-beta-4 |
|00000060| 28 6a 61 76 61 20 77 69 6e 64 6f 77 73 29 0d 0a |(java windows)..|
|00000070| 43 61 63 68 65 2d 43 6f 6e 74 72 6f 6c 3a 20 6e |Cache-Control: n|
|00000080| 6f 2d 63 61 63 68 65 0d 0a 43 6f 6e 74 65 6e 74 |o-cache..Content|
|00000090| 2d 54 79 70 65 3a 20 61 70 70 6c 69 63 61 74 69 |-Type: applicati|
|000000a0| 6f 6e 2f 6a 73 6f 6e 3b 20 63 68 61 72 73 65 74 |on/json; charset|
|000000b0| 3d 75 74 66 2d 38 0d 0a 68 6f 73 74 3a 20 6c 6f |=utf-8..host: lo|
|000000c0| 63 61 6c 68 6f 73 74 3a 31 38 31 38 35 0d 0a 61 |calhost:18185..a|
|000000d0| 63 63 65 70 74 3a 20 2a 2f 2a 0d 0a 0d 0a       |ccept: */*....  |
+--------+-------------------------------------------------+----------------+
2021-06-16 23:36:12.532 [AsyncHttpClient-1-2] TRACE io.netty.handler.logging.LoggingHandler - [id: 0x1167572c, L:/127.0.0.1:57860 - R:localhost/127.0.0.1:18185] FLUSH
2021-06-16 23:36:12.543 [AsyncHttpClient-1-2] TRACE io.netty.handler.logging.LoggingHandler - [id: 0x1167572c, L:/127.0.0.1:57860 - R:localhost/127.0.0.1:18185] READ: 271B
         +-------------------------------------------------+
         |  0  1  2  3  4  5  6  7  8  9  a  b  c  d  e  f |
+--------+-------------------------------------------------+----------------+
|00000000| 48 54 54 50 2f 31 2e 31 20 32 30 30 20 4f 4b 0d |HTTP/1.1 200 OK.|
|00000010| 0a 43 6f 6e 74 65 6e 74 2d 4c 65 6e 67 74 68 3a |.Content-Length:|
|00000020| 31 36 32 0d 0a 43 6f 6e 74 65 6e 74 2d 54 79 70 |162..Content-Typ|
|00000030| 65 3a 61 70 70 6c 69 63 61 74 69 6f 6e 2f 6a 73 |e:application/js|
|00000040| 6f 6e 3b 20 63 68 61 72 73 65 74 3d 75 74 66 2d |on; charset=utf-|
|00000050| 38 0d 0a 63 61 63 68 65 2d 63 6f 6e 74 72 6f 6c |8..cache-control|
|00000060| 3a 6e 6f 2d 63 61 63 68 65 0d 0a 0d 0a 7b 22 76 |:no-cache....{"v|
|00000070| 61 6c 75 65 22 3a 22 d0 9e d0 bd d0 bb d0 b0 d0 |alue":".........|
|00000080| b9 d0 bd e2 80 91 d0 ba d1 83 d1 80 d1 81 d1 8b |................|
|00000090| 20 d0 b4 d0 bb d1 8f 20 d0 bf d1 80 d0 be d1 84 | ...... ........|
|000000a0| d0 b5 d1 81 d1 81 d0 b8 d0 be d0 bd d0 b0 d0 bb |................|
|000000b0| d0 be d0 b2 2c 20 d0 b4 d0 b8 d1 81 d1 82 d0 b0 |...., ..........|
|000000c0| d0 bd d1 86 d0 b8 d0 be d0 bd d0 bd d0 be d0 b5 |................|
|000000d0| 20 d0 be d0 b1 d1 83 d1 87 d0 b5 d0 bd d0 b8 d0 | ...............|
|000000e0| b5 20 d1 81 d0 be d0 b2 d1 80 d0 b5 d0 bc d0 b5 |. ..............|
|000000f0| d0 bd d0 bd d1 8b d0 bc 20 d0 bf d1 80 d0 be d1 |........ .......|
|00000100| 84 d0 b5 d1 81 d1 81 d0 b8 d1 8f d0 bc 22 7d    |............."} |
+--------+-------------------------------------------------+----------------+
2021-06-16 23:36:12.543 [AsyncHttpClient-1-2] DEBUG org.asynchttpclient.netty.handler.HttpHandler - 

Request DefaultFullHttpRequest(decodeResult: success, version: HTTP/1.1, content: EmptyByteBufBE)
GET /session/bbac6f73905a349f80172fff9c30b51b/title HTTP/1.1
User-Agent: selenium/4.0.0-beta-4 (java windows)
Cache-Control: no-cache
Content-Type: application/json; charset=utf-8
host: localhost:18185
accept: */*

Response DefaultHttpResponse(decodeResult: success, version: HTTP/1.1)
HTTP/1.1 200 OK
Content-Type: application/json; charset=utf-8
cache-control: no-cache
content-length: 162

2021-06-16 23:36:12.544 [AsyncHttpClient-1-2] DEBUG org.asynchttpclient.netty.channel.ChannelManager - Adding key: http://localhost:18185 for channel [id: 0x1167572c, L:/127.0.0.1:57860 - R:localhost/127.0.0.1:18185]
2021-06-16 23:36:12.544 [AsyncHttpClient-1-2] TRACE io.netty.handler.logging.LoggingHandler - [id: 0x1167572c, L:/127.0.0.1:57860 - R:localhost/127.0.0.1:18185] READ COMPLETE
2021-06-16 23:36:13.341 [AsyncHttpClient-1-1] DEBUG org.asynchttpclient.netty.channel.DefaultChannelPool - Entry count for : http://localhost:18185 : 1
2021-06-16 23:36:13.341 [AsyncHttpClient-1-1] DEBUG org.asynchttpclient.netty.channel.DefaultChannelPool - Entry count for : http://localhost:57866 : 1
2021-06-16 23:36:13.560 [AsyncHttpClient-1-4] TRACE io.netty.handler.codec.http.websocketx.WebSocket08FrameEncoder - Encoding WebSocket Frame opCode=8 length=26
2021-06-16 23:36:13.561 [Driver Command Executor] DEBUG org.asynchttpclient.netty.request.NettyRequestSender - Using pooled Channel '[id: 0x1167572c, L:/127.0.0.1:57860 - R:localhost/127.0.0.1:18185]' for 'DELETE' to 'http://localhost:18185/session/bbac6f73905a349f80172fff9c30b51b'
2021-06-16 23:36:13.562 [Driver Command Executor] DEBUG org.asynchttpclient.netty.request.NettyRequestSender - Using open Channel [id: 0x1167572c, L:/127.0.0.1:57860 - R:localhost/127.0.0.1:18185] for DELETE '/session/bbac6f73905a349f80172fff9c30b51b'
2021-06-16 23:36:13.562 [AsyncHttpClient-1-4] TRACE io.netty.handler.logging.LoggingHandler - [id: 0x8b4fe667, L:/127.0.0.1:53083 - R:localhost/127.0.0.1:57866] WRITE: 32B
         +-------------------------------------------------+
         |  0  1  2  3  4  5  6  7  8  9  a  b  c  d  e  f |
+--------+-------------------------------------------------+----------------+
|00000000| 88 9a 3a 95 8e dc 39 7d d9 b9 58 d1 fc b5 4c f0 |..:...9}..X...L.|
|00000010| fc fc 59 f9 e1 af 53 fb e9 fc 49 fa ed b7 5f e1 |..Y...S...I..._.|
+--------+-------------------------------------------------+----------------+
2021-06-16 23:36:13.562 [AsyncHttpClient-1-2] TRACE io.netty.handler.logging.LoggingHandler - [id: 0x1167572c, L:/127.0.0.1:57860 - R:localhost/127.0.0.1:18185] WRITE: 194B
         +-------------------------------------------------+
         |  0  1  2  3  4  5  6  7  8  9  a  b  c  d  e  f |
+--------+-------------------------------------------------+----------------+
|00000000| 44 45 4c 45 54 45 20 2f 73 65 73 73 69 6f 6e 2f |DELETE /session/|
|00000010| 62 62 61 63 36 66 37 33 39 30 35 61 33 34 39 66 |bbac6f73905a349f|
|00000020| 38 30 31 37 32 66 66 66 39 63 33 30 62 35 31 62 |80172fff9c30b51b|
|00000030| 20 48 54 54 50 2f 31 2e 31 0d 0a 55 73 65 72 2d | HTTP/1.1..User-|
|00000040| 41 67 65 6e 74 3a 20 73 65 6c 65 6e 69 75 6d 2f |Agent: selenium/|
|00000050| 34 2e 30 2e 30 2d 62 65 74 61 2d 34 20 28 6a 61 |4.0.0-beta-4 (ja|
|00000060| 76 61 20 77 69 6e 64 6f 77 73 29 0d 0a 43 6f 6e |va windows)..Con|
|00000070| 74 65 6e 74 2d 54 79 70 65 3a 20 61 70 70 6c 69 |tent-Type: appli|
|00000080| 63 61 74 69 6f 6e 2f 6a 73 6f 6e 3b 20 63 68 61 |cation/json; cha|
|00000090| 72 73 65 74 3d 75 74 66 2d 38 0d 0a 68 6f 73 74 |rset=utf-8..host|
|000000a0| 3a 20 6c 6f 63 61 6c 68 6f 73 74 3a 31 38 31 38 |: localhost:1818|
|000000b0| 35 0d 0a 61 63 63 65 70 74 3a 20 2a 2f 2a 0d 0a |5..accept: */*..|
|000000c0| 0d 0a                                           |..              |
+--------+-------------------------------------------------+----------------+
2021-06-16 23:36:13.563 [AsyncHttpClient-1-4] TRACE io.netty.handler.logging.LoggingHandler - [id: 0x8b4fe667, L:/127.0.0.1:53083 - R:localhost/127.0.0.1:57866] FLUSH
2021-06-16 23:36:13.563 [AsyncHttpClient-1-2] TRACE io.netty.handler.logging.LoggingHandler - [id: 0x1167572c, L:/127.0.0.1:57860 - R:localhost/127.0.0.1:18185] FLUSH
2021-06-16 23:36:13.563 [AsyncHttpClient-1-4] TRACE io.netty.handler.logging.LoggingHandler - [id: 0x8b4fe667, L:/127.0.0.1:53083 - R:localhost/127.0.0.1:57866] READ COMPLETE
2021-06-16 23:36:13.565 [AsyncHttpClient-1-4] TRACE io.netty.handler.logging.LoggingHandler - [id: 0x8b4fe667, L:/127.0.0.1:53083 ! R:localhost/127.0.0.1:57866] INACTIVE
2021-06-16 23:36:13.566 [AsyncHttpClient-1-4] DEBUG org.asynchttpclient.netty.handler.WebSocketHandler - Channel Closed: [id: 0x8b4fe667, L:/127.0.0.1:53083 ! R:localhost/127.0.0.1:57866] with attribute NettyResponseFuture{currentRetry=5,
	isDone=1,
	isCancelled=0,
	asyncHandler=org.asynchttpclient.ws.WebSocketUpgradeHandler@901fc06,
	nettyRequest=org.asynchttpclient.netty.request.NettyRequest@5afbe394,
	future=java.util.concurrent.CompletableFuture@5bde73[Completed normally],
	uri=ws://localhost:57866/devtools/browser/cb0bf357-87bc-45d6-a121-8d3dc061c729,
	keepAlive=true,
	redirectCount=0,
	timeoutsHolder=null,
	inAuth=0,
	touch=1623868562285}
2021-06-16 23:36:13.567 [AsyncHttpClient-1-4] TRACE org.asynchttpclient.netty.handler.WebSocketHandler - Connection was closed abnormally (that is, with no close frame being received).
2021-06-16 23:36:13.568 [AsyncHttpClient-1-4] DEBUG org.asynchttpclient.netty.channel.ChannelManager - Closing Channel [id: 0x8b4fe667, L:/127.0.0.1:53083 ! R:localhost/127.0.0.1:57866] 
2021-06-16 23:36:13.569 [AsyncHttpClient-1-4] TRACE io.netty.handler.logging.LoggingHandler - [id: 0x8b4fe667, L:/127.0.0.1:53083 ! R:localhost/127.0.0.1:57866] UNREGISTERED
2021-06-16 23:36:13.668 [AsyncHttpClient-1-3] TRACE io.netty.handler.logging.LoggingHandler - [id: 0x454ff691, L:/127.0.0.1:53082 - R:localhost/127.0.0.1:57866] READ COMPLETE
2021-06-16 23:36:13.668 [AsyncHttpClient-1-3] TRACE io.netty.handler.logging.LoggingHandler - [id: 0x454ff691, L:/127.0.0.1:53082 - R:localhost/127.0.0.1:57866] EXCEPTION: java.io.IOException: Удаленный хост принудительно разорвал существующее подключение
java.io.IOException: Удаленный хост принудительно разорвал существующее подключение
	at sun.nio.ch.SocketDispatcher.read0(Native Method) ~[?:1.8.0_261]
	at sun.nio.ch.SocketDispatcher.read(SocketDispatcher.java:43) ~[?:1.8.0_261]
	at sun.nio.ch.IOUtil.readIntoNativeBuffer(IOUtil.java:223) ~[?:1.8.0_261]
	at sun.nio.ch.IOUtil.read(IOUtil.java:192) ~[?:1.8.0_261]
	at sun.nio.ch.SocketChannelImpl.read(SocketChannelImpl.java:378) ~[?:1.8.0_261]
	at io.netty.buffer.PooledByteBuf.setBytes(PooledByteBuf.java:253) ~[netty-buffer-4.1.63.Final.jar:4.1.63.Final]
	at io.netty.buffer.AbstractByteBuf.writeBytes(AbstractByteBuf.java:1132) ~[netty-buffer-4.1.63.Final.jar:4.1.63.Final]
	at io.netty.channel.socket.nio.NioSocketChannel.doReadBytes(NioSocketChannel.java:350) ~[netty-transport-4.1.63.Final.jar:4.1.63.Final]
	at io.netty.channel.nio.AbstractNioByteChannel$NioByteUnsafe.read(AbstractNioByteChannel.java:151) [netty-transport-4.1.63.Final.jar:4.1.63.Final]
	at io.netty.channel.nio.NioEventLoop.processSelectedKey(NioEventLoop.java:719) [netty-transport-4.1.63.Final.jar:4.1.63.Final]
	at io.netty.channel.nio.NioEventLoop.processSelectedKeysOptimized(NioEventLoop.java:655) [netty-transport-4.1.63.Final.jar:4.1.63.Final]
	at io.netty.channel.nio.NioEventLoop.processSelectedKeys(NioEventLoop.java:581) [netty-transport-4.1.63.Final.jar:4.1.63.Final]
	at io.netty.channel.nio.NioEventLoop.run(NioEventLoop.java:493) [netty-transport-4.1.63.Final.jar:4.1.63.Final]
	at io.netty.util.concurrent.SingleThreadEventExecutor$4.run(SingleThreadEventExecutor.java:989) [netty-common-4.1.63.Final.jar:4.1.63.Final]
	at io.netty.util.internal.ThreadExecutorMap$2.run(ThreadExecutorMap.java:74) [netty-common-4.1.63.Final.jar:4.1.63.Final]
	at io.netty.util.concurrent.FastThreadLocalRunnable.run(FastThreadLocalRunnable.java:30) [netty-common-4.1.63.Final.jar:4.1.63.Final]
	at java.lang.Thread.run(Thread.java:748) [?:1.8.0_261]
2021-06-16 23:36:13.682 [AsyncHttpClient-1-3] DEBUG org.asynchttpclient.netty.handler.HttpHandler - Unexpected I/O exception on channel [id: 0x454ff691, L:/127.0.0.1:53082 - R:localhost/127.0.0.1:57866]
java.io.IOException: Удаленный хост принудительно разорвал существующее подключение
	at sun.nio.ch.SocketDispatcher.read0(Native Method) ~[?:1.8.0_261]
	at sun.nio.ch.SocketDispatcher.read(SocketDispatcher.java:43) ~[?:1.8.0_261]
	at sun.nio.ch.IOUtil.readIntoNativeBuffer(IOUtil.java:223) ~[?:1.8.0_261]
	at sun.nio.ch.IOUtil.read(IOUtil.java:192) ~[?:1.8.0_261]
	at sun.nio.ch.SocketChannelImpl.read(SocketChannelImpl.java:378) ~[?:1.8.0_261]
	at io.netty.buffer.PooledByteBuf.setBytes(PooledByteBuf.java:253) ~[netty-buffer-4.1.63.Final.jar:4.1.63.Final]
	at io.netty.buffer.AbstractByteBuf.writeBytes(AbstractByteBuf.java:1132) ~[netty-buffer-4.1.63.Final.jar:4.1.63.Final]
	at io.netty.channel.socket.nio.NioSocketChannel.doReadBytes(NioSocketChannel.java:350) ~[netty-transport-4.1.63.Final.jar:4.1.63.Final]
	at io.netty.channel.nio.AbstractNioByteChannel$NioByteUnsafe.read(AbstractNioByteChannel.java:151) [netty-transport-4.1.63.Final.jar:4.1.63.Final]
	at io.netty.channel.nio.NioEventLoop.processSelectedKey(NioEventLoop.java:719) [netty-transport-4.1.63.Final.jar:4.1.63.Final]
	at io.netty.channel.nio.NioEventLoop.processSelectedKeysOptimized(NioEventLoop.java:655) [netty-transport-4.1.63.Final.jar:4.1.63.Final]
	at io.netty.channel.nio.NioEventLoop.processSelectedKeys(NioEventLoop.java:581) [netty-transport-4.1.63.Final.jar:4.1.63.Final]
	at io.netty.channel.nio.NioEventLoop.run(NioEventLoop.java:493) [netty-transport-4.1.63.Final.jar:4.1.63.Final]
	at io.netty.util.concurrent.SingleThreadEventExecutor$4.run(SingleThreadEventExecutor.java:989) [netty-common-4.1.63.Final.jar:4.1.63.Final]
	at io.netty.util.internal.ThreadExecutorMap$2.run(ThreadExecutorMap.java:74) [netty-common-4.1.63.Final.jar:4.1.63.Final]
	at io.netty.util.concurrent.FastThreadLocalRunnable.run(FastThreadLocalRunnable.java:30) [netty-common-4.1.63.Final.jar:4.1.63.Final]
	at java.lang.Thread.run(Thread.java:748) [?:1.8.0_261]
2021-06-16 23:36:13.687 [AsyncHttpClient-1-3] DEBUG org.asynchttpclient.netty.channel.ChannelManager - Closing Channel [id: 0x454ff691, L:/127.0.0.1:53082 - R:localhost/127.0.0.1:57866] 
2021-06-16 23:36:13.687 [AsyncHttpClient-1-3] TRACE io.netty.handler.logging.LoggingHandler - [id: 0x454ff691, L:/127.0.0.1:53082 - R:localhost/127.0.0.1:57866] CLOSE
2021-06-16 23:36:13.687 [AsyncHttpClient-1-3] TRACE io.netty.handler.logging.LoggingHandler - [id: 0x454ff691, L:/127.0.0.1:53082 ! R:localhost/127.0.0.1:57866] USER_EVENT: io.netty.channel.socket.ChannelInputShutdownReadComplete@27c986e0
2021-06-16 23:36:13.687 [AsyncHttpClient-1-3] TRACE io.netty.handler.logging.LoggingHandler - [id: 0x454ff691, L:/127.0.0.1:53082 ! R:localhost/127.0.0.1:57866] INACTIVE
2021-06-16 23:36:13.687 [AsyncHttpClient-1-3] DEBUG org.asynchttpclient.netty.handler.HttpHandler - Channel Closed: [id: 0x454ff691, L:/127.0.0.1:53082 ! R:localhost/127.0.0.1:57866] with attribute DISCARD
2021-06-16 23:36:13.687 [AsyncHttpClient-1-3] TRACE io.netty.handler.logging.LoggingHandler - [id: 0x454ff691, L:/127.0.0.1:53082 ! R:localhost/127.0.0.1:57866] UNREGISTERED
2021-06-16 23:36:13.718 [AsyncHttpClient-1-2] TRACE io.netty.handler.logging.LoggingHandler - [id: 0x1167572c, L:/127.0.0.1:57860 - R:localhost/127.0.0.1:18185] READ: 122B
         +-------------------------------------------------+
         |  0  1  2  3  4  5  6  7  8  9  a  b  c  d  e  f |
+--------+-------------------------------------------------+----------------+
|00000000| 48 54 54 50 2f 31 2e 31 20 32 30 30 20 4f 4b 0d |HTTP/1.1 200 OK.|
|00000010| 0a 43 6f 6e 74 65 6e 74 2d 4c 65 6e 67 74 68 3a |.Content-Length:|
|00000020| 31 34 0d 0a 43 6f 6e 74 65 6e 74 2d 54 79 70 65 |14..Content-Type|
|00000030| 3a 61 70 70 6c 69 63 61 74 69 6f 6e 2f 6a 73 6f |:application/jso|
|00000040| 6e 3b 20 63 68 61 72 73 65 74 3d 75 74 66 2d 38 |n; charset=utf-8|
|00000050| 0d 0a 63 61 63 68 65 2d 63 6f 6e 74 72 6f 6c 3a |..cache-control:|
|00000060| 6e 6f 2d 63 61 63 68 65 0d 0a 0d 0a 7b 22 76 61 |no-cache....{"va|
|00000070| 6c 75 65 22 3a 6e 75 6c 6c 7d                   |lue":null}      |
+--------+-------------------------------------------------+----------------+
2021-06-16 23:36:13.718 [AsyncHttpClient-1-2] DEBUG org.asynchttpclient.netty.handler.HttpHandler - 

Request DefaultFullHttpRequest(decodeResult: success, version: HTTP/1.1, content: EmptyByteBufBE)
DELETE /session/bbac6f73905a349f80172fff9c30b51b HTTP/1.1
User-Agent: selenium/4.0.0-beta-4 (java windows)
Content-Type: application/json; charset=utf-8
host: localhost:18185
accept: */*

Response DefaultHttpResponse(decodeResult: success, version: HTTP/1.1)
HTTP/1.1 200 OK
Content-Type: application/json; charset=utf-8
cache-control: no-cache
content-length: 14

2021-06-16 23:36:13.718 [AsyncHttpClient-1-2] DEBUG org.asynchttpclient.netty.channel.ChannelManager - Adding key: http://localhost:18185 for channel [id: 0x1167572c, L:/127.0.0.1:57860 - R:localhost/127.0.0.1:18185]
2021-06-16 23:36:13.718 [AsyncHttpClient-1-2] TRACE io.netty.handler.logging.LoggingHandler - [id: 0x1167572c, L:/127.0.0.1:57860 - R:localhost/127.0.0.1:18185] READ COMPLETE
2021-06-16 23:36:13.944 [AsyncHttpClient-1-2] TRACE io.netty.handler.logging.LoggingHandler - [id: 0x1167572c, L:/127.0.0.1:57860 - R:localhost/127.0.0.1:18185] READ COMPLETE
2021-06-16 23:36:13.944 [AsyncHttpClient-1-2] TRACE io.netty.handler.logging.LoggingHandler - [id: 0x1167572c, L:/127.0.0.1:57860 ! R:localhost/127.0.0.1:18185] INACTIVE
2021-06-16 23:36:13.944 [AsyncHttpClient-1-2] DEBUG org.asynchttpclient.netty.handler.HttpHandler - Channel Closed: [id: 0x1167572c, L:/127.0.0.1:57860 ! R:localhost/127.0.0.1:18185] with attribute DISCARD
2021-06-16 23:36:13.944 [AsyncHttpClient-1-2] TRACE io.netty.handler.logging.LoggingHandler - [id: 0x1167572c, L:/127.0.0.1:57860 ! R:localhost/127.0.0.1:18185] UNREGISTERED
2021-06-16 23:36:14.445 [AsyncHttpClient-1-1] DEBUG org.asynchttpclient.netty.channel.DefaultChannelPool - Entry count for : http://localhost:18185 : 1
2021-06-16 23:36:14.445 [AsyncHttpClient-1-1] DEBUG org.asynchttpclient.netty.channel.DefaultChannelPool - Entry count for : http://localhost:57866 : 1
2021-06-16 23:36:14.445 [AsyncHttpClient-1-1] DEBUG org.asynchttpclient.netty.channel.DefaultChannelPool - Adding Candidate expired Channel [id: 0x1167572c, L:/127.0.0.1:57860 ! R:localhost/127.0.0.1:18185] isIdleTimeoutExpired=false isRemotelyClosed=true isTtlExpired=false
2021-06-16 23:36:14.445 [AsyncHttpClient-1-1] DEBUG org.asynchttpclient.netty.channel.DefaultChannelPool - Closing Idle Channel [id: 0x1167572c, L:/127.0.0.1:57860 ! R:localhost/127.0.0.1:18185]
2021-06-16 23:36:14.445 [AsyncHttpClient-1-1] DEBUG org.asynchttpclient.netty.channel.DefaultChannelPool - Adding Candidate expired Channel [id: 0x454ff691, L:/127.0.0.1:53082 ! R:localhost/127.0.0.1:57866] isIdleTimeoutExpired=false isRemotelyClosed=true isTtlExpired=false
2021-06-16 23:36:14.445 [AsyncHttpClient-1-1] DEBUG org.asynchttpclient.netty.channel.DefaultChannelPool - Closing Idle Channel [id: 0x454ff691, L:/127.0.0.1:53082 ! R:localhost/127.0.0.1:57866]
2021-06-16 23:36:14.445 [AsyncHttpClient-1-1] DEBUG org.asynchttpclient.netty.channel.DefaultChannelPool - Closed 2 connections out of 2 in 0 ms
2021-06-16 23:36:14.461 [main] INFO  ru.otus.Otus - Test complete
